#
# There is insufficient memory for the Java Runtime Environment to continue.
# Native memory allocation (malloc) failed to allocate 397856 bytes for Chunk::new
# Possible reasons:
#   The system is out of physical RAM or swap space
#   The process is running with CompressedOops enabled, and the Java Heap may be blocking the growth of the native heap
# Possible solutions:
#   Reduce memory load on the system
#   Increase physical memory or swap space
#   Check if swap backing store is full
#   Decrease Java heap size (-Xmx/-Xms)
#   Decrease number of Java threads
#   Decrease Java thread stack sizes (-Xss)
#   Set larger code cache with -XX:ReservedCodeCacheSize=
#   JVM is running with Zero Based Compressed Oops mode in which the Java heap is
#     placed in the first 32GB address space. The Java Heap base address is the
#     maximum limit for the native heap growth. Please use -XX:HeapBaseMinAddress
#     to set the Java Heap base and to place the Java Heap above 32GB virtual address.
# This output file may be truncated or incomplete.
#
#  Out of Memory Error (allocation.cpp:389), pid=13760, tid=0x00000000000029bc
#
# JRE version: Java(TM) SE Runtime Environment (8.0_251-b08) (build 1.8.0_251-b08)
# Java VM: Java HotSpot(TM) 64-Bit Server VM (25.251-b08 mixed mode windows-amd64 compressed oops)
# Failed to write core dump. Minidumps are not enabled by default on client versions of Windows
#

---------------  T H R E A D  ---------------

Current thread (0x0000000023bd0800):  JavaThread "C2 CompilerThread2" daemon [_thread_in_native, id=10684, stack(0x00000000244f0000,0x00000000245f0000)]

Stack: [0x00000000244f0000,0x00000000245f0000]
[error occurred during error reporting (printing stack bounds), id 0xc0000005]

Native frames: (J=compiled Java code, j=interpreted, Vv=VM code, C=native code)


Current CompileTask:
C2:   3185 1904       4       java.net.URLStreamHandler::parseURL (1193 bytes)


---------------  P R O C E S S  ---------------

Java Threads: ( => current thread )
  0x00000000251fe800 JavaThread "IOManager reader thread #1" daemon [_thread_blocked, id=7500, stack(0x00000000284b0000,0x00000000285b0000)]
  0x00000000251fd800 JavaThread "IOManager writer thread #1" daemon [_thread_blocked, id=15680, stack(0x00000000283b0000,0x00000000284b0000)]
  0x00000000251fd000 JavaThread "Timer-2" daemon [_thread_blocked, id=25000, stack(0x00000000282b0000,0x00000000283b0000)]
  0x00000000251fc000 JavaThread "Timer-1" daemon [_thread_blocked, id=5708, stack(0x00000000281b0000,0x00000000282b0000)]
  0x0000000025474800 JavaThread "BLOB Server listener at 2599" daemon [_thread_in_native, id=23748, stack(0x0000000027fb0000,0x00000000280b0000)]
  0x0000000026789800 JavaThread "Timer-0" daemon [_thread_blocked, id=25132, stack(0x0000000027eb0000,0x0000000027fb0000)]
  0x0000000026489800 JavaThread "ForkJoinPool.commonPool-worker-1" daemon [_thread_blocked, id=19624, stack(0x0000000027b90000,0x0000000027c90000)]
  0x0000000026299000 JavaThread "flink-metrics-akka.actor.supervisor-dispatcher-3" [_thread_blocked, id=23636, stack(0x0000000027a90000,0x0000000027b90000)]
  0x00000000263d6000 JavaThread "flink-metrics-2" [_thread_blocked, id=16096, stack(0x0000000027990000,0x0000000027a90000)]
  0x00000000263d5000 JavaThread "flink-metrics-scheduler-1" [_thread_blocked, id=5960, stack(0x0000000027890000,0x0000000027990000)]
  0x00000000255c0000 JavaThread "flink-akka.actor.supervisor-dispatcher-4" [_thread_blocked, id=2180, stack(0x0000000027790000,0x0000000027890000)]
  0x000000002571c000 JavaThread "flink-akka.actor.default-dispatcher-3" [_thread_blocked, id=2776, stack(0x0000000027490000,0x0000000027590000)]
  0x00000000253e9800 JavaThread "flink-akka.actor.default-dispatcher-2" [_thread_blocked, id=21324, stack(0x0000000027390000,0x0000000027490000)]
  0x00000000254dc000 JavaThread "flink-scheduler-1" [_thread_blocked, id=15456, stack(0x00000000260c0000,0x00000000261c0000)]
  0x0000000023c75800 JavaThread "Service Thread" daemon [_thread_blocked, id=14424, stack(0x00000000246f0000,0x00000000247f0000)]
  0x0000000023bda000 JavaThread "C1 CompilerThread3" daemon [_thread_blocked, id=13832, stack(0x00000000245f0000,0x00000000246f0000)]
=>0x0000000023bd0800 JavaThread "C2 CompilerThread2" daemon [_thread_in_native, id=10684, stack(0x00000000244f0000,0x00000000245f0000)]
  0x0000000023bc3800 JavaThread "C2 CompilerThread1" daemon [_thread_blocked, id=15300, stack(0x00000000243f0000,0x00000000244f0000)]
  0x0000000023bbf000 JavaThread "C2 CompilerThread0" daemon [_thread_blocked, id=23928, stack(0x00000000242f0000,0x00000000243f0000)]
  0x0000000023bbd800 JavaThread "Monitor Ctrl-Break" daemon [_thread_in_native, id=14680, stack(0x00000000241f0000,0x00000000242f0000)]
  0x0000000023270800 JavaThread "Attach Listener" daemon [_thread_blocked, id=15716, stack(0x00000000238e0000,0x00000000239e0000)]
  0x000000002321e000 JavaThread "Signal Dispatcher" daemon [_thread_blocked, id=24148, stack(0x00000000237e0000,0x00000000238e0000)]
  0x0000000002f8d000 JavaThread "Finalizer" daemon [_thread_blocked, id=15672, stack(0x00000000236e0000,0x00000000237e0000)]
  0x0000000023200800 JavaThread "Reference Handler" daemon [_thread_blocked, id=1408, stack(0x00000000235e0000,0x00000000236e0000)]
  0x0000000002e96000 JavaThread "main" [_thread_in_vm, id=17952, stack(0x0000000002b30000,0x0000000002c30000)]

Other Threads:
  0x00000000213f8800 VMThread [stack: 0x00000000230e0000,0x00000000231e0000] [id=20360]
  0x0000000023d10800 WatcherThread [stack: 0x00000000247f0000,0x00000000248f0000] [id=12272]

VM state:not at safepoint (normal execution)

VM Mutex/Monitor currently owned by a thread: None

heap address: 0x0000000642400000, size: 6108 MB, Compressed Oops mode: Zero based, Oop shift amount: 3
Narrow klass base: 0x0000000000000000, Narrow klass shift: 3
Compressed class space size: 1073741824 Address: 0x00000007c0000000

Heap:
 PSYoungGen      total 114176K, used 49988K [0x0000000740c00000, 0x0000000748b00000, 0x00000007c0000000)
  eden space 98304K, 50% used [0x0000000740c00000,0x0000000743cd1190,0x0000000746c00000)
  from space 15872K, 0% used [0x0000000747b80000,0x0000000747b80000,0x0000000748b00000)
  to   space 15872K, 0% used [0x0000000746c00000,0x0000000746c00000,0x0000000747b80000)
 ParOldGen       total 133632K, used 5829K [0x0000000642400000, 0x000000064a680000, 0x0000000740c00000)
  object space 133632K, 4% used [0x0000000642400000,0x00000006429b16b8,0x000000064a680000)
 Metaspace       used 25308K, capacity 26264K, committed 26368K, reserved 1071104K
  class space    used 3571K, capacity 3761K, committed 3840K, reserved 1048576K

Card table byte_map: [0x0000000012350000,0x0000000012f40000] byte_map_base: 0x000000000f13e000

Marking Bits: (ParMarkBitMap*) 0x000000006efbaf90
 Begin Bits: [0x0000000013f40000, 0x0000000019eb0000)
 End Bits:   [0x0000000019eb0000, 0x000000001fe20000)

Polling page: 0x00000000027c0000

CodeCache: size=245760Kb used=6244Kb max_used=6244Kb free=239515Kb
 bounds [0x0000000002f90000, 0x00000000035b0000, 0x0000000011f90000]
 total_blobs=2363 nmethods=1906 adapters=369
 compilation: enabled

Compilation events (10 events):
Event: 3.149 Thread 0x0000000023bda000 nmethod 1901 0x00000000035a8110 code [0x00000000035a8500, 0x00000000035aafc8]
Event: 3.149 Thread 0x0000000023bda000 1903       3       java.io.DataOutputStream::writeUTF (7 bytes)
Event: 3.149 Thread 0x0000000023bda000 nmethod 1903 0x00000000035a7010 code [0x00000000035a7180, 0x00000000035a7308]
Event: 3.151 Thread 0x0000000023bd0800 1904       4       java.net.URLStreamHandler::parseURL (1193 bytes)
Event: 3.162 Thread 0x0000000023bda000 1905       3       jdk.internal.org.objectweb.asm.MethodWriter::visitFieldInsn (248 bytes)
Event: 3.162 Thread 0x0000000023bda000 nmethod 1905 0x00000000035a0ad0 code [0x00000000035a0ca0, 0x00000000035a1578]
Event: 3.162 Thread 0x0000000023bda000 1906       3       jdk.internal.org.objectweb.asm.ClassWriter::newFieldItem (77 bytes)
Event: 3.163 Thread 0x0000000023bda000 nmethod 1906 0x000000000359fe90 code [0x00000000035a0080, 0x00000000035a06b8]
Event: 3.167 Thread 0x0000000023bda000 1907   !   3       java.lang.Package::getSystemPackage (63 bytes)
Event: 3.167 Thread 0x0000000023bda000 nmethod 1907 0x00000000035abc90 code [0x00000000035abe80, 0x00000000035ac758]

GC Heap History (6 events):
Event: 1.705 GC heap before
{Heap before GC invocations=1 (full 0):
 PSYoungGen      total 114176K, used 98304K [0x0000000740c00000, 0x0000000748b00000, 0x00000007c0000000)
  eden space 98304K, 100% used [0x0000000740c00000,0x0000000746c00000,0x0000000746c00000)
  from space 15872K, 0% used [0x0000000747b80000,0x0000000747b80000,0x0000000748b00000)
  to   space 15872K, 0% used [0x0000000746c00000,0x0000000746c00000,0x0000000747b80000)
 ParOldGen       total 261120K, used 0K [0x0000000642400000, 0x0000000652300000, 0x0000000740c00000)
  object space 261120K, 0% used [0x0000000642400000,0x0000000642400000,0x0000000652300000)
 Metaspace       used 18533K, capacity 19278K, committed 19456K, reserved 1067008K
  class space    used 2572K, capacity 2730K, committed 2816K, reserved 1048576K
Event: 1.718 GC heap after
Heap after GC invocations=1 (full 0):
 PSYoungGen      total 114176K, used 14793K [0x0000000740c00000, 0x0000000748b00000, 0x00000007c0000000)
  eden space 98304K, 0% used [0x0000000740c00000,0x0000000740c00000,0x0000000746c00000)
  from space 15872K, 93% used [0x0000000746c00000,0x0000000747a725a8,0x0000000747b80000)
  to   space 15872K, 0% used [0x0000000747b80000,0x0000000747b80000,0x0000000748b00000)
 ParOldGen       total 261120K, used 16K [0x0000000642400000, 0x0000000652300000, 0x0000000740c00000)
  object space 261120K, 0% used [0x0000000642400000,0x0000000642404000,0x0000000652300000)
 Metaspace       used 18533K, capacity 19278K, committed 19456K, reserved 1067008K
  class space    used 2572K, capacity 2730K, committed 2816K, reserved 1048576K
}
Event: 1.811 GC heap before
{Heap before GC invocations=2 (full 0):
 PSYoungGen      total 114176K, used 25223K [0x0000000740c00000, 0x0000000748b00000, 0x00000007c0000000)
  eden space 98304K, 10% used [0x0000000740c00000,0x000000074162f828,0x0000000746c00000)
  from space 15872K, 93% used [0x0000000746c00000,0x0000000747a725a8,0x0000000747b80000)
  to   space 15872K, 0% used [0x0000000747b80000,0x0000000747b80000,0x0000000748b00000)
 ParOldGen       total 261120K, used 16K [0x0000000642400000, 0x0000000652300000, 0x0000000740c00000)
  object space 261120K, 0% used [0x0000000642400000,0x0000000642404000,0x0000000652300000)
 Metaspace       used 20332K, capacity 21008K, committed 21248K, reserved 1067008K
  class space    used 2829K, capacity 2987K, committed 3072K, reserved 1048576K
Event: 1.817 GC heap after
Heap after GC invocations=2 (full 0):
 PSYoungGen      total 114176K, used 6035K [0x0000000740c00000, 0x0000000748b00000, 0x00000007c0000000)
  eden space 98304K, 0% used [0x0000000740c00000,0x0000000740c00000,0x0000000746c00000)
  from space 15872K, 38% used [0x0000000747b80000,0x0000000748164df0,0x0000000748b00000)
  to   space 15872K, 0% used [0x0000000746c00000,0x0000000746c00000,0x0000000747b80000)
 ParOldGen       total 261120K, used 24K [0x0000000642400000, 0x0000000652300000, 0x0000000740c00000)
  object space 261120K, 0% used [0x0000000642400000,0x0000000642406000,0x0000000652300000)
 Metaspace       used 20332K, capacity 21008K, committed 21248K, reserved 1067008K
  class space    used 2829K, capacity 2987K, committed 3072K, reserved 1048576K
}
Event: 1.817 GC heap before
{Heap before GC invocations=3 (full 1):
 PSYoungGen      total 114176K, used 6035K [0x0000000740c00000, 0x0000000748b00000, 0x00000007c0000000)
  eden space 98304K, 0% used [0x0000000740c00000,0x0000000740c00000,0x0000000746c00000)
  from space 15872K, 38% used [0x0000000747b80000,0x0000000748164df0,0x0000000748b00000)
  to   space 15872K, 0% used [0x0000000746c00000,0x0000000746c00000,0x0000000747b80000)
 ParOldGen       total 261120K, used 24K [0x0000000642400000, 0x0000000652300000, 0x0000000740c00000)
  object space 261120K, 0% used [0x0000000642400000,0x0000000642406000,0x0000000652300000)
 Metaspace       used 20332K, capacity 21008K, committed 21248K, reserved 1067008K
  class space    used 2829K, capacity 2987K, committed 3072K, reserved 1048576K
Event: 1.843 GC heap after
Heap after GC invocations=3 (full 1):
 PSYoungGen      total 114176K, used 0K [0x0000000740c00000, 0x0000000748b00000, 0x00000007c0000000)
  eden space 98304K, 0% used [0x0000000740c00000,0x0000000740c00000,0x0000000746c00000)
  from space 15872K, 0% used [0x0000000747b80000,0x0000000747b80000,0x0000000748b00000)
  to   space 15872K, 0% used [0x0000000746c00000,0x0000000746c00000,0x0000000747b80000)
 ParOldGen       total 133632K, used 5829K [0x0000000642400000, 0x000000064a680000, 0x0000000740c00000)
  object space 133632K, 4% used [0x0000000642400000,0x00000006429b16b8,0x000000064a680000)
 Metaspace       used 20332K, capacity 21008K, committed 21248K, reserved 1067008K
  class space    used 2829K, capacity 2987K, committed 3072K, reserved 1048576K
}

Deoptimization events (10 events):
Event: 1.786 Thread 0x0000000002e96000 Uncommon trap: reason=class_check action=maybe_recompile pc=0x00000000032893a8 method=java.util.jar.JarFile.getJarEntry(Ljava/lang/String;)Ljava/util/jar/JarEntry; @ 2
Event: 1.788 Thread 0x0000000002e96000 Uncommon trap: reason=class_check action=maybe_recompile pc=0x00000000032893a8 method=java.util.jar.JarFile.getJarEntry(Ljava/lang/String;)Ljava/util/jar/JarEntry; @ 2
Event: 1.788 Thread 0x0000000002e96000 Uncommon trap: reason=class_check action=maybe_recompile pc=0x00000000032893a8 method=java.util.jar.JarFile.getJarEntry(Ljava/lang/String;)Ljava/util/jar/JarEntry; @ 2
Event: 1.867 Thread 0x0000000002e96000 Uncommon trap: reason=unstable_if action=reinterpret pc=0x0000000003446854 method=java.util.jar.Manifest$FastInputStream.readLine([BII)I @ 87
Event: 2.090 Thread 0x0000000002e96000 Uncommon trap: reason=unstable_if action=reinterpret pc=0x00000000032abeac method=java.util.HashMap.getNode(ILjava/lang/Object;)Ljava/util/HashMap$Node; @ 62
Event: 2.090 Thread 0x0000000002e96000 Uncommon trap: reason=unstable_if action=reinterpret pc=0x00000000034bea28 method=java.util.HashMap.putVal(ILjava/lang/Object;Ljava/lang/Object;ZZ)Ljava/lang/Object; @ 94
Event: 2.090 Thread 0x0000000002e96000 Uncommon trap: reason=unstable_if action=reinterpret pc=0x000000000328618c method=java.util.HashMap.getNode(ILjava/lang/Object;)Ljava/util/HashMap$Node; @ 62
Event: 2.090 Thread 0x0000000002e96000 Uncommon trap: reason=unstable_if action=reinterpret pc=0x00000000033d3134 method=java.util.HashMap.putVal(ILjava/lang/Object;Ljava/lang/Object;ZZ)Ljava/lang/Object; @ 94
Event: 2.245 Thread 0x0000000002e96000 Uncommon trap: reason=unstable_if action=reinterpret pc=0x000000000340c36c method=jdk.internal.org.objectweb.asm.Type.getArgumentsAndReturnSizes(Ljava/lang/String;)I @ 41
Event: 2.276 Thread 0x0000000002e96000 Uncommon trap: reason=unstable_if action=reinterpret pc=0x00000000032529e0 method=java.io.WinNTFileSystem.normalize(Ljava/lang/String;)Ljava/lang/String; @ 128

Classes redefined (0 events):
No events

Internal exceptions (10 events):
Event: 1.751 Thread 0x0000000002e96000 Exception <a 'java/lang/ArrayIndexOutOfBoundsException'> (0x00000007411f5600) thrown at [C:\jenkins\workspace\8-2-build-windows-amd64-cygwin\jdk8u251\737\hotspot\src\share\vm\runtime\sharedRuntime.cpp, line 605]
Event: 2.214 Thread 0x0000000002e96000 Exception <a 'java/lang/ArrayIndexOutOfBoundsException'> (0x0000000742a51730) thrown at [C:\jenkins\workspace\8-2-build-windows-amd64-cygwin\jdk8u251\737\hotspot\src\share\vm\runtime\sharedRuntime.cpp, line 605]
Event: 2.214 Thread 0x0000000002e96000 Exception <a 'java/lang/ArrayIndexOutOfBoundsException'> (0x0000000742a529d8) thrown at [C:\jenkins\workspace\8-2-build-windows-amd64-cygwin\jdk8u251\737\hotspot\src\share\vm\runtime\sharedRuntime.cpp, line 605]
Event: 2.215 Thread 0x0000000002e96000 Exception <a 'java/lang/ArrayIndexOutOfBoundsException'> (0x0000000742a56168) thrown at [C:\jenkins\workspace\8-2-build-windows-amd64-cygwin\jdk8u251\737\hotspot\src\share\vm\runtime\sharedRuntime.cpp, line 605]
Event: 2.223 Thread 0x0000000002e96000 Exception <a 'java/lang/ArrayIndexOutOfBoundsException'> (0x0000000742a7e580) thrown at [C:\jenkins\workspace\8-2-build-windows-amd64-cygwin\jdk8u251\737\hotspot\src\share\vm\runtime\sharedRuntime.cpp, line 605]
Event: 2.223 Thread 0x0000000002e96000 Exception <a 'java/lang/ArrayIndexOutOfBoundsException'> (0x0000000742a7fc20) thrown at [C:\jenkins\workspace\8-2-build-windows-amd64-cygwin\jdk8u251\737\hotspot\src\share\vm\runtime\sharedRuntime.cpp, line 605]
Event: 2.223 Thread 0x0000000002e96000 Exception <a 'java/lang/ArrayIndexOutOfBoundsException'> (0x0000000742a825a8) thrown at [C:\jenkins\workspace\8-2-build-windows-amd64-cygwin\jdk8u251\737\hotspot\src\share\vm\runtime\sharedRuntime.cpp, line 605]
Event: 2.231 Thread 0x0000000002e96000 Exception <a 'java/lang/ArrayIndexOutOfBoundsException'> (0x0000000742aaeb78) thrown at [C:\jenkins\workspace\8-2-build-windows-amd64-cygwin\jdk8u251\737\hotspot\src\share\vm\runtime\sharedRuntime.cpp, line 605]
Event: 2.236 Thread 0x0000000002e96000 Exception <a 'java/lang/ArrayIndexOutOfBoundsException'> (0x0000000742ace8e0) thrown at [C:\jenkins\workspace\8-2-build-windows-amd64-cygwin\jdk8u251\737\hotspot\src\share\vm\runtime\sharedRuntime.cpp, line 605]
Event: 2.952 Thread 0x0000000002e96000 Exception <a 'java/lang/NoSuchMethodError': java.lang.Object.lambda$static$0(Ljava/lang/String;)Ljava/util/Set;> (0x0000000742e991b8) thrown at [C:\jenkins\workspace\8-2-build-windows-amd64-cygwin\jdk8u251\737\hotspot\src\share\vm\interpreter\linkResolver

Events (10 events):
Event: 3.179 loading class org/apache/flink/runtime/dispatcher/MemoryArchivedExecutionGraphStore
Event: 3.179 loading class org/apache/flink/runtime/dispatcher/MemoryArchivedExecutionGraphStore done
Event: 3.180 loading class org/apache/flink/runtime/executiongraph/AccessExecutionGraph
Event: 3.180 loading class org/apache/flink/runtime/executiongraph/AccessExecutionGraph done
Event: 3.180 loading class org/apache/flink/runtime/dispatcher/DispatcherId
Event: 3.180 loading class org/apache/flink/runtime/dispatcher/DispatcherId done
Event: 3.181 loading class org/apache/flink/runtime/concurrent/ExponentialBackoffRetryStrategy
Event: 3.181 loading class org/apache/flink/runtime/concurrent/ExponentialBackoffRetryStrategy done
Event: 3.183 loading class org/apache/flink/shaded/netty4/io/netty/channel/EventLoopGroup
Event: 3.183 loading class org/apache/flink/shaded/netty4/io/netty/channel/EventLoopGroup done


Dynamic libraries:
0x00007ff6d9e20000 - 0x00007ff6d9e57000 	D:\Java\jdk1.8.0_251\bin\java.exe
0x00007fff4d290000 - 0x00007fff4d485000 	C:\WINDOWS\SYSTEM32\ntdll.dll
0x00007fff4c6e0000 - 0x00007fff4c79d000 	C:\WINDOWS\System32\KERNEL32.DLL
0x00007fff4aa20000 - 0x00007fff4ace8000 	C:\WINDOWS\System32\KERNELBASE.dll
0x00007fff4b8f0000 - 0x00007fff4b99c000 	C:\WINDOWS\System32\ADVAPI32.dll
0x00007fff4ca60000 - 0x00007fff4cafe000 	C:\WINDOWS\System32\msvcrt.dll
0x00007fff4c930000 - 0x00007fff4c9cb000 	C:\WINDOWS\System32\sechost.dll
0x00007fff4bcf0000 - 0x00007fff4be1b000 	C:\WINDOWS\System32\RPCRT4.dll
0x00007fff4bb50000 - 0x00007fff4bcf0000 	C:\WINDOWS\System32\USER32.dll
0x00007fff4ae50000 - 0x00007fff4ae72000 	C:\WINDOWS\System32\win32u.dll
0x00007fff4c5d0000 - 0x00007fff4c5fa000 	C:\WINDOWS\System32\GDI32.dll
0x00007fff4af20000 - 0x00007fff4b02b000 	C:\WINDOWS\System32\gdi32full.dll
0x00007fff4ae80000 - 0x00007fff4af1d000 	C:\WINDOWS\System32\msvcp_win.dll
0x00007fff4b030000 - 0x00007fff4b130000 	C:\WINDOWS\System32\ucrtbase.dll
0x00007fff367d0000 - 0x00007fff36a6a000 	C:\WINDOWS\WinSxS\amd64_microsoft.windows.common-controls_6595b64144ccf1df_6.0.19041.844_none_ca00b6081b84eb1d\COMCTL32.dll
0x00007fff4be30000 - 0x00007fff4be60000 	C:\WINDOWS\System32\IMM32.DLL
0x0000000070a20000 - 0x0000000070af2000 	D:\Java\jdk1.8.0_251\jre\bin\msvcr100.dll
0x000000006e790000 - 0x000000006f03b000 	D:\Java\jdk1.8.0_251\jre\bin\server\jvm.dll
0x00007fff4be20000 - 0x00007fff4be28000 	C:\WINDOWS\System32\PSAPI.DLL
0x00007fff33d80000 - 0x00007fff33d89000 	C:\WINDOWS\SYSTEM32\WSOCK32.dll
0x00007fff4c9d0000 - 0x00007fff4ca3b000 	C:\WINDOWS\System32\WS2_32.dll
0x00007fff36c20000 - 0x00007fff36c47000 	C:\WINDOWS\SYSTEM32\WINMM.dll
0x00007fff424a0000 - 0x00007fff424aa000 	C:\WINDOWS\SYSTEM32\VERSION.dll
0x00007fff43510000 - 0x00007fff4351f000 	D:\Java\jdk1.8.0_251\jre\bin\verify.dll
0x00007fff239f0000 - 0x00007fff23a19000 	D:\Java\jdk1.8.0_251\jre\bin\java.dll
0x00007fff384d0000 - 0x00007fff384f3000 	D:\Java\jdk1.8.0_251\jre\bin\instrument.dll
0x00007fff43280000 - 0x00007fff43296000 	D:\Java\jdk1.8.0_251\jre\bin\zip.dll
0x00007fff4cb00000 - 0x00007fff4d242000 	C:\WINDOWS\System32\SHELL32.dll
0x00007fff48a10000 - 0x00007fff491a1000 	C:\WINDOWS\SYSTEM32\windows.storage.dll
0x00007fff4bfd0000 - 0x00007fff4c325000 	C:\WINDOWS\System32\combase.dll
0x00007fff4a440000 - 0x00007fff4a46c000 	C:\WINDOWS\SYSTEM32\Wldp.dll
0x00007fff4b2f0000 - 0x00007fff4b39e000 	C:\WINDOWS\System32\SHCORE.dll
0x00007fff4b880000 - 0x00007fff4b8d5000 	C:\WINDOWS\System32\shlwapi.dll
0x00007fff4a910000 - 0x00007fff4a92f000 	C:\WINDOWS\SYSTEM32\profapi.dll
0x00007fff24670000 - 0x00007fff2468a000 	D:\IntelliJ IDEA 2020.2.4\bin\breakgen64.dll
0x00007fff41d40000 - 0x00007fff41d5a000 	D:\Java\jdk1.8.0_251\jre\bin\net.dll
0x00007fff4a1b0000 - 0x00007fff4a21a000 	C:\WINDOWS\system32\mswsock.dll
0x00007fff45ca0000 - 0x00007fff45cad000 	D:\Java\jdk1.8.0_251\jre\bin\management.dll
0x00007fff39160000 - 0x00007fff39172000 	D:\Java\jdk1.8.0_251\jre\bin\nio.dll
0x00007fff4a390000 - 0x00007fff4a3a8000 	C:\WINDOWS\SYSTEM32\CRYPTSP.dll
0x00007fff49ae0000 - 0x00007fff49b14000 	C:\WINDOWS\system32\rsaenh.dll
0x00007fff4b130000 - 0x00007fff4b157000 	C:\WINDOWS\System32\bcrypt.dll
0x00007fff4a8d0000 - 0x00007fff4a8fe000 	C:\WINDOWS\SYSTEM32\USERENV.dll
0x00007fff4b270000 - 0x00007fff4b2f0000 	C:\WINDOWS\System32\bcryptprimitives.dll
0x00007fff4a380000 - 0x00007fff4a38c000 	C:\WINDOWS\SYSTEM32\CRYPTBASE.dll
0x00007fff49e50000 - 0x00007fff49e8b000 	C:\WINDOWS\SYSTEM32\IPHLPAPI.DLL
0x00007fff4b8e0000 - 0x00007fff4b8e8000 	C:\WINDOWS\System32\NSI.dll
0x00007fff414e0000 - 0x00007fff414f7000 	C:\WINDOWS\SYSTEM32\dhcpcsvc6.DLL
0x00007fff414c0000 - 0x00007fff414dd000 	C:\WINDOWS\SYSTEM32\dhcpcsvc.DLL
0x00007fff49e90000 - 0x00007fff49f5c000 	C:\WINDOWS\SYSTEM32\DNSAPI.dll
0x00007fff2e280000 - 0x00007fff2e297000 	C:\WINDOWS\system32\napinsp.dll
0x00007fff2d760000 - 0x00007fff2d77b000 	C:\WINDOWS\system32\pnrpnsp.dll
0x00007fff44170000 - 0x00007fff44185000 	C:\WINDOWS\system32\wshbth.dll
0x00007fff45790000 - 0x00007fff457ad000 	C:\WINDOWS\system32\NLAapi.dll
0x00007fff2e260000 - 0x00007fff2e272000 	C:\WINDOWS\System32\winrnr.dll
0x00007fff3a120000 - 0x00007fff3a12a000 	C:\Windows\System32\rasadhlp.dll
0x00007fff3a070000 - 0x00007fff3a0ef000 	C:\WINDOWS\System32\fwpuclnt.dll

VM Arguments:
jvm_args: -javaagent:D:\IntelliJ IDEA 2020.2.4\lib\idea_rt.jar=2586:D:\IntelliJ IDEA 2020.2.4\bin -Dfile.encoding=UTF-8 
java_command: com.lfw.flink.sink.Sink_Es
java_class_path (initial): D:\Java\jdk1.8.0_251\jre\lib\charsets.jar;D:\Java\jdk1.8.0_251\jre\lib\deploy.jar;D:\Java\jdk1.8.0_251\jre\lib\ext\access-bridge-64.jar;D:\Java\jdk1.8.0_251\jre\lib\ext\cldrdata.jar;D:\Java\jdk1.8.0_251\jre\lib\ext\dnsns.jar;D:\Java\jdk1.8.0_251\jre\lib\ext\jaccess.jar;D:\Java\jdk1.8.0_251\jre\lib\ext\jfxrt.jar;D:\Java\jdk1.8.0_251\jre\lib\ext\localedata.jar;D:\Java\jdk1.8.0_251\jre\lib\ext\nashorn.jar;D:\Java\jdk1.8.0_251\jre\lib\ext\sunec.jar;D:\Java\jdk1.8.0_251\jre\lib\ext\sunjce_provider.jar;D:\Java\jdk1.8.0_251\jre\lib\ext\sunmscapi.jar;D:\Java\jdk1.8.0_251\jre\lib\ext\sunpkcs11.jar;D:\Java\jdk1.8.0_251\jre\lib\ext\zipfs.jar;D:\Java\jdk1.8.0_251\jre\lib\javaws.jar;D:\Java\jdk1.8.0_251\jre\lib\jce.jar;D:\Java\jdk1.8.0_251\jre\lib\jfr.jar;D:\Java\jdk1.8.0_251\jre\lib\jfxswt.jar;D:\Java\jdk1.8.0_251\jre\lib\jsse.jar;D:\Java\jdk1.8.0_251\jre\lib\management-agent.jar;D:\Java\jdk1.8.0_251\jre\lib\plugin.jar;D:\Java\jdk1.8.0_251\jre\lib\resources.jar;D:\Java\jdk1.8.0_251\jre\lib\rt.jar;D:\IdeaProjects\bigdata0821\Flink_0821\target\classes;D:\mvn\RepMaven\org\apache\flink\flink-java\1.12.0\flink-java-1.12.0.jar;D:\mvn\RepMaven\org\apache\flink\flink-core\1.12.0\flink-core-1.12.0.jar;D:\mvn\RepMaven\org\apache\flink\flink-annotations\1.12.0\flink-annotations-1.12.0.jar;D:\mvn\RepMaven\org\apache\flink\flink-metrics-core\1.12.0\flink-metrics-core-1.12.0.jar;D:\mvn\RepMaven\org\apache\flink\flink-shaded-asm-7\7.1-12.0\flink-shaded-asm-7-7.1-12.0.jar;D:\mvn\RepMaven\com\esotericsoftware\kryo\kryo\2.24.0\kryo-2.24.0.jar;D:\mvn\RepMaven\com\esotericsoftware\minlog\minlog\1.2\minlog-1.2.jar;D:\mvn\RepMaven\org\objenesis\objenesis\2.1\objenesis-2.1.jar;D:\mvn\RepMaven\commons-collections\commons-collections\3.2.2\commons-collections-3.2.2.jar;D:\mvn\RepMaven\org\apache\commons\commons-compress\1.20\commons-compress-1.20.jar;D:\mvn\RepMaven\org\apache\commons\commons-lang3\3.3.2\commons-lang3-3.3.2.jar;D:\mvn\RepMaven\org\apache\commons\commons-mat
Launcher Type: SUN_STANDARD

Environment Variables:
JAVA_HOME=D:\Java\jdk1.8.0_251
CLASSPATH=.;D:\Java\jdk1.8.0_251\lib\dt.jar;D:\Java\jdk1.8.0_251\lib\tools.jar
PATH=C:\Program Files (x86)\Common Files\Oracle\Java\javapath;D:\Xshell\;C:\WINDOWS\system32;C:\WINDOWS;C:\WINDOWS\System32\Wbem;C:\WINDOWS\System32\WindowsPowerShell\v1.0\;C:\WINDOWS\System32\OpenSSH\;C:\Program Files\Intel\WiFi\bin\;C:\Program Files\Common Files\Intel\WirelessCommon\;C:\Program Files\MySQL\MySQL Server 8.0\bin;"D:\Java\jdk1.8.0_251\jre\bin;";"D:\Java\jdk1.8.0_251\bin;D:\apache-maven-3.6.3\bin;D:\hadoop\hadoop-3.1.0\bin;D:\Git\cmd";D:\scala\scala-2.12.11\bin;C:\Users\42193\AppData\Local\Microsoft\WindowsApps;;D:\Microsoft VS Code\bin
USERNAME=42193
OS=Windows_NT
PROCESSOR_IDENTIFIER=Intel64 Family 6 Model 142 Stepping 10, GenuineIntel



---------------  S Y S T E M  ---------------

OS: Windows 10.0 , 64 bit Build 19041 (10.0.19041.928)

CPU:total 8 (initial active 8) (4 cores per cpu, 2 threads per core) family 6 model 142 stepping 10, cmov, cx8, fxsr, mmx, sse, sse2, sse3, ssse3, sse4.1, sse4.2, popcnt, avx, avx2, aes, clmul, erms, 3dnowpref, lzcnt, ht, tsc, tscinvbit, bmi1, bmi2, adx

Memory: 4k page, physical 25016772k(1764728k free), swap 38030160k(5140k free)

vm_info: Java HotSpot(TM) 64-Bit Server VM (25.251-b08) for windows-amd64 JRE (1.8.0_251-b08), built on Mar 12 2020 06:31:49 by "" with MS VC++ 10.0 (VS2010)

time: Mon May 03 21:24:55 2021
timezone: 中国标准时间
elapsed time: 3 seconds (0d 0h 0m 3s)

